2015.04.29 23:05:08
Обработка страницы http://habrahabr.ru/hub/scala

2015.04.29 23:05:08
TimeOut: 15000

2015.04.29 23:05:26
Количество статей: 42

2015.04.29 23:05:26
Обработка страницы http://habrahabr.ru/hub/cpp

2015.04.29 23:05:26
TimeOut: 15000

2015.04.29 23:05:40
Количество статей: 39

2015.04.29 23:05:41
Обработка страницы http://habrahabr.ru/hub/csharp

2015.04.29 23:05:41
TimeOut: 15000

2015.04.29 23:05:54
Количество статей: 37

2015.04.29 23:05:55
Обработка страницы http://habrahabr.ru/hub/html5

2015.04.29 23:05:55
TimeOut: 15000

2015.04.29 23:06:12
Количество статей: 40

2015.04.29 23:06:13
Обработка страницы http://habrahabr.ru/hub/css

2015.04.29 23:06:13
TimeOut: 15000

2015.04.29 23:06:38
Количество статей: 40

2015.04.29 23:06:38
Обработка страницы http://habrahabr.ru/hub/java

2015.04.29 23:06:38
TimeOut: 15000

2015.04.29 23:06:55
Количество статей: 41

2015.04.29 23:06:56
Обработка страницы http://habrahabr.ru/hub/lisp

2015.04.29 23:06:56
TimeOut: 15000

2015.04.29 23:07:16
Количество статей: 38

2015.04.29 23:07:16
Обработка страницы http://habrahabr.ru/hub/Git

2015.04.29 23:07:16
TimeOut: 15000

2015.04.29 23:07:34
Ошибка обработки страницы:http://habrahabr.ru/company/pvs-studio/blog/247271/ Read timed out

2015.04.29 23:07:34
Количество статей: 37

2015.04.29 23:07:34
Обработка страницы http://habrahabr.ru/hub/programming

2015.04.29 23:07:34
TimeOut: 15000

2015.04.29 23:07:52
Количество статей: 39

2015.04.29 23:07:53
Обработка страницы http://www.linux.org.ru

2015.04.29 23:07:53
TimeOut: 15000

2015.04.29 23:08:04
Количество статей: 24

2015.04.29 23:08:04
Обработка страницы http://www.linux.org.ru/news/opensource

2015.04.29 23:08:04
TimeOut: 15000

2015.04.29 23:08:11
Количество статей: 21

2015.04.29 23:08:11
Обработка страницы http://www.linux.org.ru/news/java

2015.04.29 23:08:11
TimeOut: 15000

2015.04.29 23:08:22
Количество статей: 28

2015.04.29 23:08:22
Обработка страницы http://www.linux.org.ru/news/internet

2015.04.29 23:08:22
TimeOut: 15000

2015.04.29 23:08:34
Количество статей: 20

2015.04.29 23:08:35
Обработка страницы http://www.linux.org.ru/news/commercial

2015.04.29 23:08:35
TimeOut: 15000

2015.04.29 23:08:42
Количество статей: 20

2015.04.29 23:08:42
Обработка страницы http://www.linux.org.ru/news/conference

2015.04.29 23:08:42
TimeOut: 15000

2015.04.29 23:08:49
Количество статей: 20

2015.04.29 23:08:49
Обработка страницы http://www.linux.org.ru/news/hardware

2015.04.29 23:08:49
TimeOut: 15000

2015.04.29 23:08:54
Количество статей: 20

2015.04.29 23:08:54
Обработка страницы http://www.linux.org.ru/news/android

2015.04.29 23:08:54
TimeOut: 15000

2015.04.29 23:08:59
Количество статей: 21

2015.04.29 23:08:59
Обработка страницы http://www.linux.org.ru/news/kernel

2015.04.29 23:08:59
TimeOut: 15000

2015.04.29 23:09:05
Количество статей: 20

2015.04.29 23:09:05
Обработка страницы http://www.linux.org.ru/news/multimedia

2015.04.29 23:09:05
TimeOut: 15000

2015.04.29 23:09:10
Количество статей: 20

2015.04.29 23:09:10
Обработка страницы http://www.linux.org.ru/news/debian

2015.04.29 23:09:10
TimeOut: 15000

2015.04.29 23:09:13
Количество статей: 20

2015.04.29 23:09:13
Обработка страницы http://www.linux.org.ru/news/games

2015.04.29 23:09:14
TimeOut: 15000

2015.04.29 23:09:18
Количество статей: 20

2015.04.29 23:09:27
Количество ошибок записи 0

